Performing C SOURCE FILE Test CMAKE_HAVE_LIBC_PTHREAD failed with the following output:
Change Dir: /home/crestonix/CLionProjects/MirroringClient/cmake-build-debug/CMakeFiles/CMakeTmp

Run Build Command(s):/bin/make -f Makefile cmTC_158fa/fast && /bin/make  -f CMakeFiles/cmTC_158fa.dir/build.make CMakeFiles/cmTC_158fa.dir/build
make[1]: вход в каталог «/home/crestonix/CLionProjects/MirroringClient/cmake-build-debug/CMakeFiles/CMakeTmp»
Building C object CMakeFiles/cmTC_158fa.dir/src.c.o
/bin/gcc -DCMAKE_HAVE_LIBC_PTHREAD   -o CMakeFiles/cmTC_158fa.dir/src.c.o -c /home/crestonix/CLionProjects/MirroringClient/cmake-build-debug/CMakeFiles/CMakeTmp/src.c
Linking C executable cmTC_158fa
/snap/clion/163/bin/cmake/linux/bin/cmake -E cmake_link_script CMakeFiles/cmTC_158fa.dir/link.txt --verbose=1
/bin/gcc CMakeFiles/cmTC_158fa.dir/src.c.o -o cmTC_158fa 
/usr/bin/ld: CMakeFiles/cmTC_158fa.dir/src.c.o: в функции «main»:
src.c:(.text+0x46): неопределённая ссылка на «pthread_create»
/usr/bin/ld: src.c:(.text+0x52): неопределённая ссылка на «pthread_detach»
/usr/bin/ld: src.c:(.text+0x5e): неопределённая ссылка на «pthread_cancel»
/usr/bin/ld: src.c:(.text+0x6f): неопределённая ссылка на «pthread_join»
collect2: error: ld returned 1 exit status
make[1]: *** [CMakeFiles/cmTC_158fa.dir/build.make:99: cmTC_158fa] Ошибка 1
make[1]: выход из каталога «/home/crestonix/CLionProjects/MirroringClient/cmake-build-debug/CMakeFiles/CMakeTmp»
make: *** [Makefile:127: cmTC_158fa/fast] Ошибка 2


Source file was:
#include <pthread.h>

static void* test_func(void* data)
{
  return data;
}

int main(void)
{
  pthread_t thread;
  pthread_create(&thread, NULL, test_func, NULL);
  pthread_detach(thread);
  pthread_cancel(thread);
  pthread_join(thread, NULL);
  pthread_atfork(NULL, NULL, NULL);
  pthread_exit(NULL);

  return 0;
}

